<?xml version="1.0" encoding="UTF-8"?>
<!-- Generated by org.testng.reporters.JUnitReportReporter -->
<testsuite hostname="DESKTOP-ISADT93" failures="0" tests="4" name="methodtest.Payment" time="0.009" errors="0" timestamp="2022-07-30T10:41:34 IST" skipped="0">
  <testcase classname="methodtest.Payment" name="cod" time="0.002"/>
  <system-out/>
  <testcase classname="methodtest.Payment" name="creditCard" time="0.002"/>
  <system-out/>
  <testcase classname="methodtest.Payment" name="debitcard" time="0.003"/>
  <system-out/>
  <testcase classname="methodtest.Payment" name="creditCard" time="0.002"/>
  <system-out/>
</testsuite> <!-- methodtest.Payment -->
