<?xml version="1.0" encoding="UTF-8"?>
<!-- Generated by org.testng.reporters.JUnitReportReporter -->
<testsuite hostname="DESKTOP-ISADT93" failures="0" tests="3" name="methodtest.Account" time="0.021" errors="0" timestamp="2022-08-02T09:52:48 IST" skipped="0">
  <testcase classname="methodtest.Account" name="saving" time="0.004"/>
  <system-out/>
  <testcase classname="methodtest.Account" name="loan" time="0.004"/>
  <system-out/>
  <testcase classname="methodtest.Account" name="current" time="0.013"/>
  <system-out/>
</testsuite> <!-- methodtest.Account -->
