<?xml version="1.0" encoding="UTF-8"?>
<!-- Generated by org.testng.reporters.JUnitReportReporter -->
<testsuite hostname="DESKTOP-ISADT93" failures="0" tests="1" name="parameter.Mytest1" time="3.857" errors="0" timestamp="2022-08-02T10:05:18 IST" skipped="0">
  <testcase classname="parameter.Mytest1" name="loginTest" time="3.857"/>
  <system-out/>
</testsuite> <!-- parameter.Mytest1 -->
