<?xml version="1.0" encoding="UTF-8"?>
<!-- Generated by org.testng.reporters.JUnitReportReporter -->
<testsuite hostname="DESKTOP-ISADT93" failures="0" tests="3" name="methodtest.Payment" time="0.008" errors="0" timestamp="2022-08-02T09:52:48 IST" skipped="0">
  <testcase classname="methodtest.Payment" name="debitcard" time="0.003"/>
  <system-out/>
  <testcase classname="methodtest.Payment" name="creditCard" time="0.003"/>
  <system-out/>
  <testcase classname="methodtest.Payment" name="cod" time="0.002"/>
  <system-out/>
</testsuite> <!-- methodtest.Payment -->
